<?xml version="1.0" encoding="UTF-8"?>
<!-- Generated by org.testng.reporters.JUnitReportReporter -->
<testsuite hostname="LAPTOP-CVSNI0MP" failures="0" tests="2" name="Tests.LoginTest" time="37.874" errors="0" timestamp="2023-04-24T21:50:40 EEST" skipped="0">
  <testcase classname="Tests.LoginTest" name="validLoginTest" time="5.683"/>
  <system-out/>
  <testcase classname="Tests.LoginTest" name="validLoginTest" time="32.191"/>
  <system-out/>
</testsuite> <!-- Tests.LoginTest -->
