<?xml version="1.0" encoding="UTF-8"?>
<!-- Generated by org.testng.reporters.JUnitReportReporter -->
<testsuite hostname="LAPTOP-CVSNI0MP" failures="0" tests="1" name="Tests.LoginTest" time="0.026" errors="0" timestamp="2023-04-20T21:25:44 EEST" skipped="0">
  <testcase classname="Tests.LoginTest" name="valiodLoginTest" time="0.026"/>
  <system-out/>
</testsuite> <!-- Tests.LoginTest -->
